<?xml version="1.0" encoding="UTF-8"?>
<testng-results ignored="0" total="1" passed="1" failed="0" skipped="0">
  <reporter-output>
  </reporter-output>
  <suite started-at="2024-07-23T08:52:16 IST" name="Default suite" finished-at="2024-07-23T08:52:17 IST" duration-ms="1837">
    <groups>
    </groups>
    <test started-at="2024-07-23T08:52:16 IST" name="Default test" finished-at="2024-07-23T08:52:17 IST" duration-ms="1837">
      <class name="com.qa.rest.test.GETCallBDD">
        <test-method signature="test_numberOfCircuitsFor2017_Season()[pri:0, instance:com.qa.rest.test.GETCallBDD@50b472aa]" started-at="2024-07-23T08:52:16 IST" name="test_numberOfCircuitsFor2017_Season" finished-at="2024-07-23T08:52:17 IST" duration-ms="1811" status="PASS">
          <reporter-output>
          </reporter-output>
        </test-method> <!-- test_numberOfCircuitsFor2017_Season -->
      </class> <!-- com.qa.rest.test.GETCallBDD -->
    </test> <!-- Default test -->
  </suite> <!-- Default suite -->
</testng-results>
