<?xml version="1.0" encoding="UTF-8"?>
<testng-results ignored="0" total="1" passed="1" failed="0" skipped="0">
  <reporter-output>
  </reporter-output>
  <suite started-at="2024-01-15T10:38:06 IST" name="Default suite" finished-at="2024-01-15T10:38:11 IST" duration-ms="4970">
    <groups>
    </groups>
    <test started-at="2024-01-15T10:38:06 IST" name="Default test" finished-at="2024-01-15T10:38:11 IST" duration-ms="4970">
      <class name="DifferentWaysToCreatePostRequestBody">
        <test-method signature="createByExternalPOJOClass()[pri:0, instance:DifferentWaysToCreatePostRequestBody@4b8ee4de]" started-at="2024-01-15T10:38:06 IST" name="createByExternalPOJOClass" finished-at="2024-01-15T10:38:11 IST" duration-ms="4884" status="PASS">
          <reporter-output>
          </reporter-output>
        </test-method> <!-- createByExternalPOJOClass -->
      </class> <!-- DifferentWaysToCreatePostRequestBody -->
    </test> <!-- Default test -->
  </suite> <!-- Default suite -->
</testng-results>
