<?xml version="1.0" encoding="UTF-8"?>
<!-- Generated by org.testng.reporters.JUnitXMLReporter -->
<testsuite ignored="0" hostname="DESKTOP-QGFI4G8" failures="0" tests="4" name="Default test" time="0.061" errors="0" timestamp="2024-09-13T22:42:32 IST">
  <testcase classname="org.sample.mavenproject.RecentlyPlayedStoreTest" name="testAddAndRetrieveSongs" time="0.011"/>
  <testcase classname="org.sample.mavenproject.RecentlyPlayedStoreTest" name="testEviction" time="0.001"/>
  <testcase classname="org.sample.mavenproject.RecentlyPlayedStoreTest" name="testMoveToRecent" time="0.002"/>
  <testcase classname="org.sample.mavenproject.RecentlyPlayedStoreTest" name="testMultipleUsers" time="0.002"/>
</testsuite> <!-- Default test -->
