<?xml version="1.0" encoding="UTF-8"?>
<testng-results ignored="0" total="4" passed="4" failed="0" skipped="0">
  <reporter-output>
  </reporter-output>
  <suite started-at="2024-09-13T22:09:41 IST" name="Default suite" finished-at="2024-09-13T22:09:41 IST" duration-ms="59">
    <groups>
    </groups>
    <test started-at="2024-09-13T22:09:41 IST" name="Default test" finished-at="2024-09-13T22:09:41 IST" duration-ms="59">
      <class name="org.sample.mavenproject.RecentlyPlayedStoreTest">
        <test-method is-config="true" signature="setup()[pri:0, instance:org.sample.mavenproject.RecentlyPlayedStoreTest@635eaaf1]" started-at="2024-09-13T22:09:41 IST" name="setup" finished-at="2024-09-13T22:09:41 IST" duration-ms="4" status="PASS">
          <reporter-output>
          </reporter-output>
        </test-method> <!-- setup -->
        <test-method signature="testAddAndRetrieveSongs()[pri:0, instance:org.sample.mavenproject.RecentlyPlayedStoreTest@635eaaf1]" started-at="2024-09-13T22:09:41 IST" name="testAddAndRetrieveSongs" finished-at="2024-09-13T22:09:41 IST" duration-ms="11" status="PASS">
          <reporter-output>
          </reporter-output>
        </test-method> <!-- testAddAndRetrieveSongs -->
        <test-method signature="testEviction()[pri:0, instance:org.sample.mavenproject.RecentlyPlayedStoreTest@635eaaf1]" started-at="2024-09-13T22:09:41 IST" name="testEviction" finished-at="2024-09-13T22:09:41 IST" duration-ms="1" status="PASS">
          <reporter-output>
          </reporter-output>
        </test-method> <!-- testEviction -->
        <test-method is-config="true" signature="setup()[pri:0, instance:org.sample.mavenproject.RecentlyPlayedStoreTest@635eaaf1]" started-at="2024-09-13T22:09:41 IST" name="setup" finished-at="2024-09-13T22:09:41 IST" duration-ms="0" status="PASS">
          <reporter-output>
          </reporter-output>
        </test-method> <!-- setup -->
        <test-method is-config="true" signature="setup()[pri:0, instance:org.sample.mavenproject.RecentlyPlayedStoreTest@635eaaf1]" started-at="2024-09-13T22:09:41 IST" name="setup" finished-at="2024-09-13T22:09:41 IST" duration-ms="0" status="PASS">
          <reporter-output>
          </reporter-output>
        </test-method> <!-- setup -->
        <test-method signature="testMoveToRecent()[pri:0, instance:org.sample.mavenproject.RecentlyPlayedStoreTest@635eaaf1]" started-at="2024-09-13T22:09:41 IST" name="testMoveToRecent" finished-at="2024-09-13T22:09:41 IST" duration-ms="1" status="PASS">
          <reporter-output>
          </reporter-output>
        </test-method> <!-- testMoveToRecent -->
        <test-method signature="testMultipleUsers()[pri:0, instance:org.sample.mavenproject.RecentlyPlayedStoreTest@635eaaf1]" started-at="2024-09-13T22:09:41 IST" name="testMultipleUsers" finished-at="2024-09-13T22:09:41 IST" duration-ms="1" status="PASS">
          <reporter-output>
          </reporter-output>
        </test-method> <!-- testMultipleUsers -->
        <test-method is-config="true" signature="setup()[pri:0, instance:org.sample.mavenproject.RecentlyPlayedStoreTest@635eaaf1]" started-at="2024-09-13T22:09:41 IST" name="setup" finished-at="2024-09-13T22:09:41 IST" duration-ms="0" status="PASS">
          <reporter-output>
          </reporter-output>
        </test-method> <!-- setup -->
      </class> <!-- org.sample.mavenproject.RecentlyPlayedStoreTest -->
    </test> <!-- Default test -->
  </suite> <!-- Default suite -->
</testng-results>
